
X Exiting due to GUEST_STATUS: Unable to get control-plane node minikube host status: state: unknown state "minikube": docker container inspect minikube --format={{.State.Status}}: exit status 1
stdout:

The command 'docker' could not be found in this WSL 2 distro.
We recommend to activate the WSL integration in Docker Desktop settings.

For details about using Docker Desktop with WSL 2, visit:

https://docs.docker.com/go/wsl2/


stderr:



X Exiting due to GUEST_STATUS: Unable to get control-plane node minikube host status: state: unknown state "minikube": docker container inspect minikube --format={{.State.Status}}: exit status 1
stdout:

The command 'docker' could not be found in this WSL 2 distro.
We recommend to activate the WSL integration in Docker Desktop settings.

For details about using Docker Desktop with WSL 2, visit:

https://docs.docker.com/go/wsl2/


stderr:


* Mounting host path /mnt/c/Datasetw1 into VM as /mnt/c/Datasetw1 ...
  - Mount type:   9p
  - User ID:      docker
  - Group ID:     docker
  - Version:      9p2000.L
  - Message Size: 262144
  - Options:      map[]
  - Bind Address: 172.21.9.7:37717
* Userspace file server: 
ufs starting
* Successfully mounted /mnt/c/Datasetw1 to /mnt/c/Datasetw1

* NOTE: This process must stay alive for the mount to be accessible ...
* Unmounting /mnt/c/Datasetw1 ...

X Exiting due to MK_INTERRUPTED: Received interrupt signal

* Mounting host path /home/avinmathew/training_prjs/week1 into VM as /mnt/week1 ...
  - Mount type:   9p
  - User ID:      docker
  - Group ID:     docker
  - Version:      9p2000.L
  - Message Size: 262144
  - Options:      map[]
  - Bind Address: 172.21.9.7:40643
* Userspace file server: 
ufs starting
* Successfully mounted /home/avinmathew/training_prjs/week1 to /mnt/week1

* NOTE: This process must stay alive for the mount to be accessible ...
* Unmounting /mnt/week1 ...

X Exiting due to MK_INTERRUPTED: Received interrupt signal

